<?xml version="1.0" encoding="UTF-8"?>
<testng-results ignored="0" total="1" passed="1" failed="0" skipped="0">
  <reporter-output>
  </reporter-output>
  <suite started-at="2023-02-07T14:22:05 IST" name="Default suite" finished-at="2023-02-07T14:22:36 IST" duration-ms="30466">
    <groups>
    </groups>
    <test started-at="2023-02-07T14:22:05 IST" name="Default test" finished-at="2023-02-07T14:22:36 IST" duration-ms="30466">
      <class name="testCases.LoginCase">
        <test-method is-config="true" signature="loingTesT()[pri:0, instance:testCases.LoginCase@3e5499cc]" started-at="2023-02-07T14:22:05 IST" name="loingTesT" finished-at="2023-02-07T14:22:23 IST" duration-ms="17680" status="PASS">
          <reporter-output>
          </reporter-output>
        </test-method> <!-- loingTesT -->
        <test-method signature="locationpop()[pri:0, instance:testCases.LoginCase@3e5499cc]" started-at="2023-02-07T14:22:23 IST" name="locationpop" finished-at="2023-02-07T14:22:35 IST" duration-ms="12358" status="PASS">
          <reporter-output>
          </reporter-output>
        </test-method> <!-- locationpop -->
        <test-method is-config="true" signature="tearDown()[pri:0, instance:testCases.LoginCase@3e5499cc]" started-at="2023-02-07T14:22:35 IST" name="tearDown" finished-at="2023-02-07T14:22:36 IST" duration-ms="376" status="PASS">
          <reporter-output>
          </reporter-output>
        </test-method> <!-- tearDown -->
      </class> <!-- testCases.LoginCase -->
    </test> <!-- Default test -->
  </suite> <!-- Default suite -->
</testng-results>
